<?xml version="1.0" encoding="UTF-8"?>
<!-- Generated by org.testng.reporters.JUnitXMLReporter -->
<testsuite ignored="0" hostname="IQZNGLLT008" failures="0" tests="7" name="Test" time="0.066" errors="0" timestamp="2022-01-31T01:50:29 IST">
  <testcase classname="Miniproject.Miniproject" name="@BeforeTest setup" time="-1.643574028949E9">
    <failure type="org.testng.TestNGException" message="
Parameter &amp;apos;browserName&amp;apos; is required by BeforeTest on method setup but has not been marked @Optional or defined
in C:\Users\bhagawath.a\eclipse-workspace\Aminiproject\testng.xml">
      <![CDATA[org.testng.TestNGException: 
Parameter 'browserName' is required by BeforeTest on method setup but has not been marked @Optional or defined
in C:\Users\bhagawath.a\eclipse-workspace\Aminiproject\testng.xml
... Removed 21 stack frames]]>
    </failure>
  </testcase> <!-- @BeforeTest setup -->
  <testcase classname="Miniproject.Miniproject" name="@AfterTest finish" time="-1.643574029008E9">
    <skipped/>
  </testcase> <!-- @AfterTest finish -->
  <testcase classname="Miniproject.Miniproject" name="launchapp" time="0.0">
    <skipped/>
  </testcase> <!-- launchapp -->
  <testcase classname="Miniproject.Miniproject" name="enteruser" time="0.0">
    <skipped/>
  </testcase> <!-- enteruser -->
  <testcase classname="Miniproject.Miniproject" name="enterpswd" time="0.0">
    <skipped/>
  </testcase> <!-- enterpswd -->
  <testcase classname="Miniproject.Miniproject" name="clicklogin" time="0.0">
    <skipped/>
  </testcase> <!-- clicklogin -->
  <testcase classname="Miniproject.Miniproject" name="clickplusicon" time="0.0">
    <skipped/>
  </testcase> <!-- clickplusicon -->
  <testcase classname="Miniproject.Miniproject" name="editlead" time="0.0">
    <skipped/>
  </testcase> <!-- editlead -->
  <testcase classname="Miniproject.Miniproject" name="convertlead" time="0.0">
    <skipped/>
  </testcase> <!-- convertlead -->
</testsuite> <!-- Test -->
