<?xml version="1.0" encoding="UTF-8"?>
<!-- Generated by org.testng.reporters.JUnitReportReporter -->
<testsuite hostname="IQZNGLLT008" failures="0" tests="21" name="Miniproject.Miniproject" time="211.434" errors="1" timestamp="2022-01-31T11:33:19 IST" skipped="0">
  <testcase classname="Miniproject.Miniproject" name="clicklogin" time="35.928"/>
  <system-out/>
  <testcase classname="Miniproject.Miniproject" name="launcurl" time="2.581"/>
  <system-out/>
  <testcase classname="Miniproject.Miniproject" name="enterpswd" time="0.158"/>
  <system-out/>
  <testcase classname="Miniproject.Miniproject" name="convertlead" time="7.697"/>
  <system-out/>
  <testcase classname="Miniproject.Miniproject" name="launcurl" time="2.997"/>
  <system-out/>
  <testcase classname="Miniproject.Miniproject" name="enterusername" time="0.205"/>
  <system-out/>
  <testcase classname="Miniproject.Miniproject" name="convertlead" time="0.057">
    <error message="Element &lt;button class=&quot;Simple pzhc pzbutton&quot; name=&quot;CaseActionHeader_pyWorkPage_5&quot; type=&quot;button&quot;&gt; is not clickable at point (410,108) because another element &lt;div class=&quot;HIDD21417C9ED3386B20EAEE2D0B51E72B6 show HIDF3B0E840DCD97E8A1BA09672B7A0BB5A&quot;&gt; obscures it
Build info: version: &#039;4.0.0&#039;, revision: &#039;3a21814679&#039;
System info: host: &#039;IQZNGLLT008&#039;, ip: &#039;192.168.126.148&#039;, os.name: &#039;Windows 10&#039;, os.arch: &#039;amd64&#039;, os.version: &#039;10.0&#039;, java.version: &#039;16.0.2&#039;
Driver info: org.openqa.selenium.firefox.FirefoxDriver
Command: [396d5b23-ad2c-4676-833c-8b9040a85002, clickElement {id=6b47f249-7917-4abe-96b4-1cff5d9e3e3c}]
Capabilities {acceptInsecureCerts: true, browserName: firefox, browserVersion: 96.0.3, javascriptEnabled: true, moz:accessibilityChecks: false, moz:buildID: 20220126154723, moz:debuggerAddress: localhost:57486, moz:geckodriverVersion: 0.30.0, moz:headless: false, moz:processID: 24760, moz:profile: C:\Users\bhagawath.a\AppDat..., moz:shutdownTimeout: 60000, moz:useNonSpecCompliantPointerOrigin: false, moz:webdriverClick: true, pageLoadStrategy: normal, platform: WINDOWS, platformName: WINDOWS, platformVersion: 10.0, proxy: Proxy(), se:cdp: ws://localhost:57486/devtoo..., se:cdpVersion: 85, setWindowRect: true, strictFileInteractability: false, timeouts: {implicit: 0, pageLoad: 300000, script: 30000}, unhandledPromptBehavior: dismiss and notify}
Element: [[FirefoxDriver: firefox on WINDOWS (396d5b23-ad2c-4676-833c-8b9040a85002)] -&gt; xpath: (//button[contains(@title,&#039;Actions&#039;)][normalize-space()=&#039;Actions&#039;])[2]]
Session ID: 396d5b23-ad2c-4676-833c-8b9040a85002" type="org.openqa.selenium.ElementClickInterceptedException">
      <![CDATA[org.openqa.selenium.ElementClickInterceptedException: Element <button class="Simple pzhc pzbutton" name="CaseActionHeader_pyWorkPage_5" type="button"> is not clickable at point (410,108) because another element <div class="HIDD21417C9ED3386B20EAEE2D0B51E72B6 show HIDF3B0E840DCD97E8A1BA09672B7A0BB5A"> obscures it
Build info: version: '4.0.0', revision: '3a21814679'
System info: host: 'IQZNGLLT008', ip: '192.168.126.148', os.name: 'Windows 10', os.arch: 'amd64', os.version: '10.0', java.version: '16.0.2'
Driver info: org.openqa.selenium.firefox.FirefoxDriver
Command: [396d5b23-ad2c-4676-833c-8b9040a85002, clickElement {id=6b47f249-7917-4abe-96b4-1cff5d9e3e3c}]
Capabilities {acceptInsecureCerts: true, browserName: firefox, browserVersion: 96.0.3, javascriptEnabled: true, moz:accessibilityChecks: false, moz:buildID: 20220126154723, moz:debuggerAddress: localhost:57486, moz:geckodriverVersion: 0.30.0, moz:headless: false, moz:processID: 24760, moz:profile: C:\Users\bhagawath.a\AppDat..., moz:shutdownTimeout: 60000, moz:useNonSpecCompliantPointerOrigin: false, moz:webdriverClick: true, pageLoadStrategy: normal, platform: WINDOWS, platformName: WINDOWS, platformVersion: 10.0, proxy: Proxy(), se:cdp: ws://localhost:57486/devtoo..., se:cdpVersion: 85, setWindowRect: true, strictFileInteractability: false, timeouts: {implicit: 0, pageLoad: 300000, script: 30000}, unhandledPromptBehavior: dismiss and notify}
Element: [[FirefoxDriver: firefox on WINDOWS (396d5b23-ad2c-4676-833c-8b9040a85002)] -> xpath: (//button[contains(@title,'Actions')][normalize-space()='Actions'])[2]]
Session ID: 396d5b23-ad2c-4676-833c-8b9040a85002
at java.base/jdk.internal.reflect.NativeConstructorAccessorImpl.newInstance0(Native Method)
at java.base/jdk.internal.reflect.NativeConstructorAccessorImpl.newInstance(NativeConstructorAccessorImpl.java:78)
at java.base/jdk.internal.reflect.DelegatingConstructorAccessorImpl.newInstance(DelegatingConstructorAccessorImpl.java:45)
at java.base/java.lang.reflect.Constructor.newInstanceWithCaller(Constructor.java:499)
at java.base/java.lang.reflect.Constructor.newInstance(Constructor.java:480)
at org.openqa.selenium.remote.codec.w3c.W3CHttpResponseCodec.createException(W3CHttpResponseCodec.java:200)
at org.openqa.selenium.remote.codec.w3c.W3CHttpResponseCodec.decode(W3CHttpResponseCodec.java:133)
at org.openqa.selenium.remote.codec.w3c.W3CHttpResponseCodec.decode(W3CHttpResponseCodec.java:53)
at org.openqa.selenium.remote.HttpCommandExecutor.execute(HttpCommandExecutor.java:184)
at org.openqa.selenium.remote.service.DriverCommandExecutor.invokeExecute(DriverCommandExecutor.java:164)
at org.openqa.selenium.remote.service.DriverCommandExecutor.execute(DriverCommandExecutor.java:139)
at org.openqa.selenium.remote.RemoteWebDriver.execute(RemoteWebDriver.java:559)
at org.openqa.selenium.remote.RemoteWebElement.execute(RemoteWebElement.java:251)
at org.openqa.selenium.remote.RemoteWebElement.click(RemoteWebElement.java:77)
at Miniproject.Miniproject.convertlead(Miniproject.java:111)
at java.base/jdk.internal.reflect.NativeMethodAccessorImpl.invoke0(Native Method)
at java.base/jdk.internal.reflect.NativeMethodAccessorImpl.invoke(NativeMethodAccessorImpl.java:78)
at java.base/jdk.internal.reflect.DelegatingMethodAccessorImpl.invoke(DelegatingMethodAccessorImpl.java:43)
at java.base/java.lang.reflect.Method.invoke(Method.java:567)
at org.testng.internal.MethodInvocationHelper.invokeMethod(MethodInvocationHelper.java:133)
at org.testng.internal.TestInvoker.invokeMethod(TestInvoker.java:598)
at org.testng.internal.TestInvoker.invokeTestMethod(TestInvoker.java:173)
at org.testng.internal.MethodRunner.runInSequence(MethodRunner.java:46)
at org.testng.internal.TestInvoker$MethodInvocationAgent.invoke(TestInvoker.java:824)
at org.testng.internal.TestInvoker.invokeTestMethods(TestInvoker.java:146)
at org.testng.internal.TestMethodWorker.invokeTestMethods(TestMethodWorker.java:146)
at org.testng.internal.TestMethodWorker.run(TestMethodWorker.java:128)
at java.base/java.util.ArrayList.forEach(ArrayList.java:1511)
at org.testng.TestRunner.privateRun(TestRunner.java:794)
at org.testng.TestRunner.run(TestRunner.java:596)
at org.testng.SuiteRunner.runTest(SuiteRunner.java:377)
at org.testng.SuiteRunner.access$000(SuiteRunner.java:28)
at org.testng.SuiteRunner$SuiteWorker.run(SuiteRunner.java:418)
at org.testng.internal.thread.ThreadUtil.lambda$execute$0(ThreadUtil.java:64)
at java.base/java.util.concurrent.FutureTask.run(FutureTask.java:264)
at java.base/java.util.concurrent.ThreadPoolExecutor.runWorker(ThreadPoolExecutor.java:1130)
at java.base/java.util.concurrent.ThreadPoolExecutor$Worker.run(ThreadPoolExecutor.java:630)
at java.base/java.lang.Thread.run(Thread.java:831)
]]>
    </error>
  </testcase> <!-- convertlead -->
  <system-out/>
  <testcase classname="Miniproject.Miniproject" name="enterusername" time="0.140"/>
  <system-out/>
  <testcase classname="Miniproject.Miniproject" name="enterusername" time="0.074"/>
  <system-out/>
  <testcase classname="Miniproject.Miniproject" name="editlead" time="11.615"/>
  <system-out/>
  <testcase classname="Miniproject.Miniproject" name="enterpswd" time="0.160"/>
  <system-out/>
  <testcase classname="Miniproject.Miniproject" name="editlead" time="7.512"/>
  <system-out/>
  <testcase classname="Miniproject.Miniproject" name="clickexpandmenu" time="3.949"/>
  <system-out/>
  <testcase classname="Miniproject.Miniproject" name="editlead" time="7.512"/>
  <system-out/>
  <testcase classname="Miniproject.Miniproject" name="convertlead" time="8.529"/>
  <system-out/>
  <testcase classname="Miniproject.Miniproject" name="clicklogin" time="56.101"/>
  <system-out/>
  <testcase classname="Miniproject.Miniproject" name="enterpswd" time="0.060"/>
  <system-out/>
  <testcase classname="Miniproject.Miniproject" name="clickexpandmenu" time="3.671"/>
  <system-out/>
  <testcase classname="Miniproject.Miniproject" name="clicklogin" time="53.461"/>
  <system-out/>
  <testcase classname="Miniproject.Miniproject" name="launcurl" time="2.976"/>
  <system-out/>
  <testcase classname="Miniproject.Miniproject" name="clickexpandmenu" time="6.051"/>
  <system-out/>
</testsuite> <!-- Miniproject.Miniproject -->
